<?xml version="1.0" encoding="UTF-8"?>
<testsuite name="com.biomatricapplication.MainActivityTest" tests="1" skipped="0" failures="0" errors="0" timestamp="2024-05-13T05:24:59" hostname="LTK-IKE251" time="0.033">
  <properties/>
  <testcase name="test" classname="com.biomatricapplication.MainActivityTest" time="0.033"/>
  <system-out><![CDATA[]]></system-out>
  <system-err><![CDATA[]]></system-err>
</testsuite>
