<?xml version='1.0' encoding='UTF-8' ?>
<testsuite name="com.biomatricapplication.ExampleInstrumentedTest" tests="1" failures="0" errors="0" skipped="0" time="1.626" timestamp="2024-05-13T08:57:40" hostname="localhost">
  <properties>
    <property name="device" value="Pixel_6_API_33(AVD) - 13" />
    <property name="flavor" value="" />
    <property name="project" value=":app" />
  </properties>
  <testcase name="useAppContext" classname="com.biomatricapplication.ExampleInstrumentedTest" time="0.038" />
</testsuite>